<?xml version="1.0" encoding="UTF-8"?>
<testng-results skipped="0" failed="0" ignored="0" total="0" passed="0">
  <reporter-output>
  </reporter-output>
  <suite name="testRunner.Testrunner1" duration-ms="6" started-at="2020-05-14T14:46:31 EDT" finished-at="2020-05-14T14:46:31 EDT">
    <groups>
    </groups>
    <test name="Command line test" duration-ms="6" started-at="2020-05-14T14:46:31 EDT" finished-at="2020-05-14T14:46:31 EDT">
    </test> <!-- Command line test -->
  </suite> <!-- testRunner.Testrunner1 -->
</testng-results>
